{"/home/flvsantos/dev/www/taskmaster-backend/src/app.ts": {"path":"/home/flvsantos/dev/www/taskmaster-backend/src/app.ts","statementMap":{"0":{"start":{"line":1,"column":0},"end":{"line":1,"column":24}},"1":{"start":{"line":2,"column":0},"end":{"line":2,"column":30}},"2":{"start":{"line":3,"column":0},"end":{"line":3,"column":28}},"3":{"start":{"line":4,"column":0},"end":{"line":4,"column":28}},"4":{"start":{"line":5,"column":0},"end":{"line":5,"column":50}},"5":{"start":{"line":6,"column":0},"end":{"line":6,"column":51}},"6":{"start":{"line":8,"column":12},"end":{"line":8,"column":21}},"7":{"start":{"line":25,"column":9},"end":{"line":25,"column":12}},"8":{"start":{"line":11,"column":0},"end":{"line":11,"column":null}},"9":{"start":{"line":12,"column":0},"end":{"line":12,"column":null}},"10":{"start":{"line":13,"column":0},"end":{"line":13,"column":null}},"11":{"start":{"line":14,"column":0},"end":{"line":14,"column":null}},"12":{"start":{"line":17,"column":0},"end":{"line":17,"column":33}},"13":{"start":{"line":18,"column":0},"end":{"line":18,"column":34}},"14":{"start":{"line":21,"column":0},"end":{"line":23,"column":null}},"15":{"start":{"line":22,"column":2},"end":{"line":22,"column":null}}},"fnMap":{"0":{"name":"(anonymous_1)","decl":{"start":{"line":21,"column":19},"end":{"line":21,"column":20}},"loc":{"start":{"line":21,"column":32},"end":{"line":23,"column":1}}}},"branchMap":{},"s":{"0":2,"1":2,"2":2,"3":2,"4":2,"5":2,"6":2,"7":2,"8":2,"9":2,"10":2,"11":2,"12":2,"13":2,"14":2,"15":0},"f":{"0":0},"b":{}}
,"/home/flvsantos/dev/www/taskmaster-backend/src/controllers/auth.controller.ts": {"path":"/home/flvsantos/dev/www/taskmaster-backend/src/controllers/auth.controller.ts","statementMap":{"0":{"start":{"line":2,"column":0},"end":{"line":2,"column":40}},"1":{"start":{"line":3,"column":0},"end":{"line":3,"column":51}},"2":{"start":{"line":4,"column":0},"end":{"line":4,"column":71}},"3":{"start":{"line":6,"column":24},"end":{"line":49,"column":1}},"4":{"start":{"line":7,"column":2},"end":{"line":48,"column":3}},"5":{"start":{"line":8,"column":38},"end":{"line":8,"column":46}},"6":{"start":{"line":10,"column":25},"end":{"line":12,"column":6}},"7":{"start":{"line":14,"column":4},"end":{"line":16,"column":5}},"8":{"start":{"line":15,"column":6},"end":{"line":15,"column":70}},"9":{"start":{"line":18,"column":27},"end":{"line":18,"column":55}},"10":{"start":{"line":20,"column":17},"end":{"line":33,"column":6}},"11":{"start":{"line":35,"column":42},"end":{"line":35,"column":65}},"12":{"start":{"line":37,"column":4},"end":{"line":44,"column":7}},"13":{"start":{"line":46,"column":4},"end":{"line":46,"column":46}},"14":{"start":{"line":47,"column":4},"end":{"line":47,"column":66}},"15":{"start":{"line":6,"column":13},"end":{"line":6,"column":24}},"16":{"start":{"line":51,"column":21},"end":{"line":88,"column":1}},"17":{"start":{"line":52,"column":2},"end":{"line":87,"column":3}},"18":{"start":{"line":53,"column":32},"end":{"line":53,"column":40}},"19":{"start":{"line":55,"column":17},"end":{"line":57,"column":6}},"20":{"start":{"line":59,"column":4},"end":{"line":61,"column":5}},"21":{"start":{"line":60,"column":6},"end":{"line":60,"column":72}},"22":{"start":{"line":63,"column":26},"end":{"line":63,"column":72}},"23":{"start":{"line":65,"column":4},"end":{"line":67,"column":5}},"24":{"start":{"line":66,"column":6},"end":{"line":66,"column":72}},"25":{"start":{"line":69,"column":42},"end":{"line":69,"column":65}},"26":{"start":{"line":71,"column":4},"end":{"line":83,"column":7}},"27":{"start":{"line":85,"column":4},"end":{"line":85,"column":43}},"28":{"start":{"line":86,"column":4},"end":{"line":86,"column":66}},"29":{"start":{"line":51,"column":13},"end":{"line":51,"column":21}},"30":{"start":{"line":90,"column":26},"end":{"line":112,"column":1}},"31":{"start":{"line":91,"column":2},"end":{"line":111,"column":3}},"32":{"start":{"line":92,"column":17},"end":{"line":105,"column":6}},"33":{"start":{"line":107,"column":4},"end":{"line":107,"column":23}},"34":{"start":{"line":109,"column":4},"end":{"line":109,"column":51}},"35":{"start":{"line":110,"column":4},"end":{"line":110,"column":66}},"36":{"start":{"line":90,"column":13},"end":{"line":90,"column":26}}},"fnMap":{"0":{"name":"(anonymous_0)","decl":{"start":{"line":6,"column":24},"end":{"line":6,"column":29}},"loc":{"start":{"line":6,"column":62},"end":{"line":49,"column":1}}},"1":{"name":"(anonymous_1)","decl":{"start":{"line":51,"column":21},"end":{"line":51,"column":26}},"loc":{"start":{"line":51,"column":59},"end":{"line":88,"column":1}}},"2":{"name":"(anonymous_2)","decl":{"start":{"line":90,"column":26},"end":{"line":90,"column":31}},"loc":{"start":{"line":90,"column":60},"end":{"line":112,"column":1}}}},"branchMap":{"0":{"loc":{"start":{"line":14,"column":4},"end":{"line":16,"column":5}},"type":"if","locations":[{"start":{"line":14,"column":4},"end":{"line":16,"column":5}},{"start":{},"end":{}}]},"1":{"loc":{"start":{"line":59,"column":4},"end":{"line":61,"column":5}},"type":"if","locations":[{"start":{"line":59,"column":4},"end":{"line":61,"column":5}},{"start":{},"end":{}}]},"2":{"loc":{"start":{"line":65,"column":4},"end":{"line":67,"column":5}},"type":"if","locations":[{"start":{"line":65,"column":4},"end":{"line":67,"column":5}},{"start":{},"end":{}}]}},"s":{"0":2,"1":2,"2":2,"3":2,"4":7,"5":7,"6":7,"7":7,"8":1,"9":6,"10":6,"11":6,"12":6,"13":0,"14":0,"15":2,"16":2,"17":3,"18":3,"19":3,"20":3,"21":1,"22":2,"23":2,"24":1,"25":1,"26":1,"27":0,"28":0,"29":2,"30":2,"31":1,"32":1,"33":1,"34":0,"35":0,"36":2},"f":{"0":7,"1":3,"2":1},"b":{"0":[1,6],"1":[1,2],"2":[1,1]}}
,"/home/flvsantos/dev/www/taskmaster-backend/src/controllers/tasks.controller.ts": {"path":"/home/flvsantos/dev/www/taskmaster-backend/src/controllers/tasks.controller.ts","statementMap":{"0":{"start":{"line":2,"column":0},"end":{"line":2,"column":40}},"1":{"start":{"line":5,"column":24},"end":{"line":46,"column":1}},"2":{"start":{"line":6,"column":2},"end":{"line":45,"column":3}},"3":{"start":{"line":7,"column":59},"end":{"line":7,"column":68}},"4":{"start":{"line":9,"column":23},"end":{"line":11,"column":6}},"5":{"start":{"line":13,"column":4},"end":{"line":13,"column":38}},"6":{"start":{"line":13,"column":16},"end":{"line":13,"column":38}},"7":{"start":{"line":14,"column":4},"end":{"line":14,"column":44}},"8":{"start":{"line":14,"column":18},"end":{"line":14,"column":44}},"9":{"start":{"line":16,"column":17},"end":{"line":16,"column":75}},"10":{"start":{"line":18,"column":27},"end":{"line":31,"column":6}},"11":{"start":{"line":33,"column":4},"end":{"line":41,"column":7}},"12":{"start":{"line":43,"column":4},"end":{"line":43,"column":50}},"13":{"start":{"line":44,"column":4},"end":{"line":44,"column":66}},"14":{"start":{"line":5,"column":13},"end":{"line":5,"column":24}},"15":{"start":{"line":48,"column":26},"end":{"line":75,"column":1}},"16":{"start":{"line":49,"column":2},"end":{"line":74,"column":3}},"17":{"start":{"line":50,"column":65},"end":{"line":50,"column":73}},"18":{"start":{"line":52,"column":17},"end":{"line":65,"column":6}},"19":{"start":{"line":67,"column":4},"end":{"line":70,"column":7}},"20":{"start":{"line":72,"column":4},"end":{"line":72,"column":48}},"21":{"start":{"line":73,"column":4},"end":{"line":73,"column":66}},"22":{"start":{"line":48,"column":13},"end":{"line":48,"column":26}},"23":{"start":{"line":77,"column":26},"end":{"line":119,"column":1}},"24":{"start":{"line":78,"column":2},"end":{"line":118,"column":3}},"25":{"start":{"line":79,"column":19},"end":{"line":79,"column":29}},"26":{"start":{"line":80,"column":62},"end":{"line":80,"column":70}},"27":{"start":{"line":83,"column":25},"end":{"line":88,"column":6}},"28":{"start":{"line":90,"column":4},"end":{"line":92,"column":5}},"29":{"start":{"line":91,"column":6},"end":{"line":91,"column":70}},"30":{"start":{"line":94,"column":28},"end":{"line":94,"column":30}},"31":{"start":{"line":95,"column":4},"end":{"line":95,"column":54}},"32":{"start":{"line":95,"column":29},"end":{"line":95,"column":54}},"33":{"start":{"line":96,"column":4},"end":{"line":96,"column":72}},"34":{"start":{"line":96,"column":35},"end":{"line":96,"column":72}},"35":{"start":{"line":97,"column":4},"end":{"line":97,"column":57}},"36":{"start":{"line":97,"column":30},"end":{"line":97,"column":57}},"37":{"start":{"line":98,"column":4},"end":{"line":98,"column":63}},"38":{"start":{"line":98,"column":32},"end":{"line":98,"column":63}},"39":{"start":{"line":99,"column":4},"end":{"line":99,"column":87}},"40":{"start":{"line":99,"column":31},"end":{"line":99,"column":87}},"41":{"start":{"line":101,"column":17},"end":{"line":109,"column":6}},"42":{"start":{"line":111,"column":4},"end":{"line":114,"column":7}},"43":{"start":{"line":116,"column":4},"end":{"line":116,"column":52}},"44":{"start":{"line":117,"column":4},"end":{"line":117,"column":66}},"45":{"start":{"line":77,"column":13},"end":{"line":77,"column":26}},"46":{"start":{"line":121,"column":26},"end":{"line":146,"column":1}},"47":{"start":{"line":122,"column":2},"end":{"line":145,"column":3}},"48":{"start":{"line":123,"column":19},"end":{"line":123,"column":29}},"49":{"start":{"line":126,"column":25},"end":{"line":131,"column":6}},"50":{"start":{"line":133,"column":4},"end":{"line":135,"column":5}},"51":{"start":{"line":134,"column":6},"end":{"line":134,"column":70}},"52":{"start":{"line":137,"column":4},"end":{"line":139,"column":7}},"53":{"start":{"line":141,"column":4},"end":{"line":141,"column":55}},"54":{"start":{"line":143,"column":4},"end":{"line":143,"column":50}},"55":{"start":{"line":144,"column":4},"end":{"line":144,"column":66}},"56":{"start":{"line":121,"column":13},"end":{"line":121,"column":26}}},"fnMap":{"0":{"name":"(anonymous_0)","decl":{"start":{"line":5,"column":24},"end":{"line":5,"column":29}},"loc":{"start":{"line":5,"column":66},"end":{"line":46,"column":1}}},"1":{"name":"(anonymous_1)","decl":{"start":{"line":48,"column":26},"end":{"line":48,"column":31}},"loc":{"start":{"line":48,"column":68},"end":{"line":75,"column":1}}},"2":{"name":"(anonymous_2)","decl":{"start":{"line":77,"column":26},"end":{"line":77,"column":31}},"loc":{"start":{"line":77,"column":68},"end":{"line":119,"column":1}}},"3":{"name":"(anonymous_3)","decl":{"start":{"line":121,"column":26},"end":{"line":121,"column":31}},"loc":{"start":{"line":121,"column":68},"end":{"line":146,"column":1}}}},"branchMap":{"0":{"loc":{"start":{"line":7,"column":30},"end":{"line":7,"column":40}},"type":"default-arg","locations":[{"start":{"line":7,"column":37},"end":{"line":7,"column":40}}]},"1":{"loc":{"start":{"line":7,"column":42},"end":{"line":7,"column":54}},"type":"default-arg","locations":[{"start":{"line":7,"column":50},"end":{"line":7,"column":54}}]},"2":{"loc":{"start":{"line":13,"column":4},"end":{"line":13,"column":38}},"type":"if","locations":[{"start":{"line":13,"column":4},"end":{"line":13,"column":38}},{"start":{},"end":{}}]},"3":{"loc":{"start":{"line":14,"column":4},"end":{"line":14,"column":44}},"type":"if","locations":[{"start":{"line":14,"column":4},"end":{"line":14,"column":44}},{"start":{},"end":{}}]},"4":{"loc":{"start":{"line":50,"column":32},"end":{"line":50,"column":51}},"type":"default-arg","locations":[{"start":{"line":50,"column":43},"end":{"line":50,"column":51}}]},"5":{"loc":{"start":{"line":57,"column":17},"end":{"line":57,"column":51}},"type":"cond-expr","locations":[{"start":{"line":57,"column":27},"end":{"line":57,"column":44}},{"start":{"line":57,"column":47},"end":{"line":57,"column":51}}]},"6":{"loc":{"start":{"line":90,"column":4},"end":{"line":92,"column":5}},"type":"if","locations":[{"start":{"line":90,"column":4},"end":{"line":92,"column":5}},{"start":{},"end":{}}]},"7":{"loc":{"start":{"line":95,"column":4},"end":{"line":95,"column":54}},"type":"if","locations":[{"start":{"line":95,"column":4},"end":{"line":95,"column":54}},{"start":{},"end":{}}]},"8":{"loc":{"start":{"line":96,"column":4},"end":{"line":96,"column":72}},"type":"if","locations":[{"start":{"line":96,"column":4},"end":{"line":96,"column":72}},{"start":{},"end":{}}]},"9":{"loc":{"start":{"line":97,"column":4},"end":{"line":97,"column":57}},"type":"if","locations":[{"start":{"line":97,"column":4},"end":{"line":97,"column":57}},{"start":{},"end":{}}]},"10":{"loc":{"start":{"line":98,"column":4},"end":{"line":98,"column":63}},"type":"if","locations":[{"start":{"line":98,"column":4},"end":{"line":98,"column":63}},{"start":{},"end":{}}]},"11":{"loc":{"start":{"line":99,"column":4},"end":{"line":99,"column":87}},"type":"if","locations":[{"start":{"line":99,"column":4},"end":{"line":99,"column":87}},{"start":{},"end":{}}]},"12":{"loc":{"start":{"line":99,"column":52},"end":{"line":99,"column":86}},"type":"cond-expr","locations":[{"start":{"line":99,"column":62},"end":{"line":99,"column":79}},{"start":{"line":99,"column":82},"end":{"line":99,"column":86}}]},"13":{"loc":{"start":{"line":133,"column":4},"end":{"line":135,"column":5}},"type":"if","locations":[{"start":{"line":133,"column":4},"end":{"line":135,"column":5}},{"start":{},"end":{}}]}},"s":{"0":2,"1":2,"2":4,"3":4,"4":4,"5":4,"6":1,"7":4,"8":0,"9":4,"10":4,"11":4,"12":0,"13":0,"14":2,"15":2,"16":2,"17":2,"18":2,"19":2,"20":0,"21":0,"22":2,"23":2,"24":2,"25":2,"26":2,"27":2,"28":2,"29":0,"30":2,"31":2,"32":0,"33":2,"34":0,"35":2,"36":2,"37":2,"38":0,"39":2,"40":0,"41":2,"42":2,"43":0,"44":0,"45":2,"46":2,"47":1,"48":1,"49":1,"50":1,"51":0,"52":1,"53":1,"54":0,"55":0,"56":2},"f":{"0":4,"1":2,"2":2,"3":1},"b":{"0":[4],"1":[4],"2":[1,3],"3":[0,4],"4":[0],"5":[0,2],"6":[0,2],"7":[0,2],"8":[0,2],"9":[2,0],"10":[0,2],"11":[0,2],"12":[0,0],"13":[0,1]}}
,"/home/flvsantos/dev/www/taskmaster-backend/src/libs/prisma.ts": {"path":"/home/flvsantos/dev/www/taskmaster-backend/src/libs/prisma.ts","statementMap":{"0":{"start":{"line":2,"column":0},"end":{"line":2,"column":50}},"1":{"start":{"line":4,"column":13},"end":{"line":4,"column":null}}},"fnMap":{},"branchMap":{},"s":{"0":4,"1":4},"f":{},"b":{}}
,"/home/flvsantos/dev/www/taskmaster-backend/src/middleware/auth.middleware.ts": {"path":"/home/flvsantos/dev/www/taskmaster-backend/src/middleware/auth.middleware.ts","statementMap":{"0":{"start":{"line":2,"column":0},"end":{"line":2,"column":39}},"1":{"start":{"line":3,"column":0},"end":{"line":3,"column":47}},"2":{"start":{"line":9,"column":33},"end":{"line":36,"column":1}},"3":{"start":{"line":14,"column":2},"end":{"line":35,"column":3}},"4":{"start":{"line":15,"column":23},"end":{"line":15,"column":48}},"5":{"start":{"line":16,"column":18},"end":{"line":16,"column":56}},"6":{"start":{"line":18,"column":4},"end":{"line":20,"column":5}},"7":{"start":{"line":19,"column":6},"end":{"line":19,"column":null}},"8":{"start":{"line":22,"column":20},"end":{"line":22,"column":38}},"9":{"start":{"line":23,"column":17},"end":{"line":25,"column":6}},"10":{"start":{"line":27,"column":4},"end":{"line":29,"column":5}},"11":{"start":{"line":28,"column":6},"end":{"line":28,"column":null}},"12":{"start":{"line":31,"column":4},"end":{"line":31,"column":null}},"13":{"start":{"line":32,"column":4},"end":{"line":32,"column":null}},"14":{"start":{"line":34,"column":4},"end":{"line":34,"column":null}},"15":{"start":{"line":9,"column":13},"end":{"line":9,"column":33}}},"fnMap":{"0":{"name":"(anonymous_0)","decl":{"start":{"line":9,"column":33},"end":{"line":9,"column":38}},"loc":{"start":{"line":13,"column":4},"end":{"line":36,"column":1}}}},"branchMap":{"0":{"loc":{"start":{"line":16,"column":18},"end":{"line":16,"column":56}},"type":"binary-expr","locations":[{"start":{"line":16,"column":18},"end":{"line":16,"column":28}},{"start":{"line":16,"column":32},"end":{"line":16,"column":56}}]},"1":{"loc":{"start":{"line":18,"column":4},"end":{"line":20,"column":5}},"type":"if","locations":[{"start":{"line":18,"column":4},"end":{"line":20,"column":5}},{"start":{},"end":{}}]},"2":{"loc":{"start":{"line":27,"column":4},"end":{"line":29,"column":5}},"type":"if","locations":[{"start":{"line":27,"column":4},"end":{"line":29,"column":5}},{"start":{},"end":{}}]}},"s":{"0":2,"1":2,"2":2,"3":12,"4":12,"5":12,"6":12,"7":1,"8":11,"9":10,"10":10,"11":0,"12":10,"13":10,"14":1,"15":2},"f":{"0":12},"b":{"0":[12,11],"1":[1,11],"2":[0,10]}}
,"/home/flvsantos/dev/www/taskmaster-backend/src/middleware/validate.middleware.ts": {"path":"/home/flvsantos/dev/www/taskmaster-backend/src/middleware/validate.middleware.ts","statementMap":{"0":{"start":{"line":2,"column":0},"end":{"line":2,"column":23}},"1":{"start":{"line":4,"column":24},"end":{"line":23,"column":1}},"2":{"start":{"line":5,"column":2},"end":{"line":22,"column":null}},"3":{"start":{"line":6,"column":4},"end":{"line":21,"column":5}},"4":{"start":{"line":7,"column":6},"end":{"line":7,"column":null}},"5":{"start":{"line":8,"column":6},"end":{"line":8,"column":null}},"6":{"start":{"line":10,"column":6},"end":{"line":19,"column":7}},"7":{"start":{"line":11,"column":8},"end":{"line":18,"column":null}},"8":{"start":{"line":14,"column":43},"end":{"line":17,"column":12}},"9":{"start":{"line":20,"column":6},"end":{"line":20,"column":null}},"10":{"start":{"line":4,"column":13},"end":{"line":4,"column":24}},"11":{"start":{"line":25,"column":13},"end":{"line":29,"column":null}},"12":{"start":{"line":31,"column":13},"end":{"line":34,"column":null}},"13":{"start":{"line":36,"column":13},"end":{"line":41,"column":null}}},"fnMap":{"0":{"name":"(anonymous_0)","decl":{"start":{"line":4,"column":24},"end":{"line":4,"column":25}},"loc":{"start":{"line":4,"column":48},"end":{"line":23,"column":1}}},"1":{"name":"(anonymous_1)","decl":{"start":{"line":5,"column":9},"end":{"line":5,"column":10}},"loc":{"start":{"line":5,"column":61},"end":{"line":22,"column":3}}},"2":{"name":"(anonymous_2)","decl":{"start":{"line":14,"column":35},"end":{"line":14,"column":38}},"loc":{"start":{"line":14,"column":43},"end":{"line":17,"column":12}}}},"branchMap":{"0":{"loc":{"start":{"line":10,"column":6},"end":{"line":19,"column":7}},"type":"if","locations":[{"start":{"line":10,"column":6},"end":{"line":19,"column":7}},{"start":{},"end":{}}]}},"s":{"0":2,"1":2,"2":6,"3":15,"4":15,"5":12,"6":3,"7":3,"8":0,"9":0,"10":2,"11":2,"12":2,"13":2},"f":{"0":6,"1":15,"2":0},"b":{"0":[3,0]}}
,"/home/flvsantos/dev/www/taskmaster-backend/src/routes/auth.routes.ts": {"path":"/home/flvsantos/dev/www/taskmaster-backend/src/routes/auth.routes.ts","statementMap":{"0":{"start":{"line":1,"column":0},"end":{"line":1,"column":33}},"1":{"start":{"line":2,"column":0},"end":{"line":2,"column":77}},"2":{"start":{"line":3,"column":0},"end":{"line":3,"column":66}},"3":{"start":{"line":4,"column":0},"end":{"line":4,"column":90}},"4":{"start":{"line":6,"column":19},"end":{"line":6,"column":27}},"5":{"start":{"line":12,"column":9},"end":{"line":12,"column":19}},"6":{"start":{"line":8,"column":0},"end":{"line":8,"column":65}},"7":{"start":{"line":9,"column":0},"end":{"line":9,"column":56}},"8":{"start":{"line":10,"column":0},"end":{"line":10,"column":58}}},"fnMap":{},"branchMap":{},"s":{"0":2,"1":2,"2":2,"3":2,"4":2,"5":2,"6":2,"7":2,"8":2},"f":{},"b":{}}
,"/home/flvsantos/dev/www/taskmaster-backend/src/routes/tasks.routes.ts": {"path":"/home/flvsantos/dev/www/taskmaster-backend/src/routes/tasks.routes.ts","statementMap":{"0":{"start":{"line":1,"column":0},"end":{"line":1,"column":33}},"1":{"start":{"line":2,"column":0},"end":{"line":2,"column":95}},"2":{"start":{"line":3,"column":0},"end":{"line":3,"column":66}},"3":{"start":{"line":4,"column":0},"end":{"line":4,"column":73}},"4":{"start":{"line":6,"column":19},"end":{"line":6,"column":27}},"5":{"start":{"line":15,"column":9},"end":{"line":15,"column":19}},"6":{"start":{"line":8,"column":0},"end":{"line":8,"column":34}},"7":{"start":{"line":10,"column":0},"end":{"line":10,"column":30}},"8":{"start":{"line":11,"column":0},"end":{"line":11,"column":55}},"9":{"start":{"line":12,"column":0},"end":{"line":12,"column":35}},"10":{"start":{"line":13,"column":0},"end":{"line":13,"column":38}}},"fnMap":{},"branchMap":{},"s":{"0":2,"1":2,"2":2,"3":2,"4":2,"5":2,"6":2,"7":2,"8":2,"9":2,"10":2},"f":{},"b":{}}
,"/home/flvsantos/dev/www/taskmaster-backend/src/tests/helpers.ts": {"path":"/home/flvsantos/dev/www/taskmaster-backend/src/tests/helpers.ts","statementMap":{"0":{"start":{"line":1,"column":0},"end":{"line":1,"column":51}},"1":{"start":{"line":2,"column":0},"end":{"line":2,"column":54}},"2":{"start":{"line":4,"column":15},"end":{"line":4,"column":33}},"3":{"start":{"line":6,"column":29},"end":{"line":17,"column":1}},"4":{"start":{"line":7,"column":22},"end":{"line":12,"column":null}},"5":{"start":{"line":14,"column":2},"end":{"line":16,"column":null}},"6":{"start":{"line":6,"column":13},"end":{"line":6,"column":29}},"7":{"start":{"line":19,"column":30},"end":{"line":30,"column":1}},"8":{"start":{"line":20,"column":22},"end":{"line":25,"column":null}},"9":{"start":{"line":27,"column":2},"end":{"line":29,"column":null}},"10":{"start":{"line":19,"column":13},"end":{"line":19,"column":30}}},"fnMap":{"0":{"name":"(anonymous_0)","decl":{"start":{"line":6,"column":29},"end":{"line":6,"column":34}},"loc":{"start":{"line":6,"column":54},"end":{"line":17,"column":1}}},"1":{"name":"(anonymous_1)","decl":{"start":{"line":19,"column":30},"end":{"line":19,"column":35}},"loc":{"start":{"line":19,"column":71},"end":{"line":30,"column":1}}}},"branchMap":{"0":{"loc":{"start":{"line":6,"column":36},"end":{"line":6,"column":50}},"type":"default-arg","locations":[{"start":{"line":6,"column":48},"end":{"line":6,"column":50}}]},"1":{"loc":{"start":{"line":19,"column":53},"end":{"line":19,"column":67}},"type":"default-arg","locations":[{"start":{"line":19,"column":65},"end":{"line":19,"column":67}}]}},"s":{"0":0,"1":0,"2":0,"3":0,"4":0,"5":0,"6":0,"7":0,"8":0,"9":0,"10":0},"f":{"0":0,"1":0},"b":{"0":[0],"1":[0]}}
,"/home/flvsantos/dev/www/taskmaster-backend/src/utils/jwt.util.ts": {"path":"/home/flvsantos/dev/www/taskmaster-backend/src/utils/jwt.util.ts","statementMap":{"0":{"start":{"line":1,"column":0},"end":{"line":1,"column":30}},"1":{"start":{"line":3,"column":19},"end":{"line":3,"column":42}},"2":{"start":{"line":4,"column":27},"end":{"line":4,"column":58}},"3":{"start":{"line":6,"column":30},"end":{"line":11,"column":1}},"4":{"start":{"line":7,"column":22},"end":{"line":7,"column":76}},"5":{"start":{"line":8,"column":23},"end":{"line":8,"column":84}},"6":{"start":{"line":10,"column":2},"end":{"line":10,"column":null}},"7":{"start":{"line":6,"column":13},"end":{"line":6,"column":30}},"8":{"start":{"line":13,"column":27},"end":{"line":15,"column":1}},"9":{"start":{"line":14,"column":2},"end":{"line":14,"column":null}},"10":{"start":{"line":13,"column":13},"end":{"line":13,"column":27}}},"fnMap":{"0":{"name":"(anonymous_1)","decl":{"start":{"line":6,"column":30},"end":{"line":6,"column":31}},"loc":{"start":{"line":6,"column":49},"end":{"line":11,"column":1}}},"1":{"name":"(anonymous_2)","decl":{"start":{"line":13,"column":27},"end":{"line":13,"column":28}},"loc":{"start":{"line":13,"column":45},"end":{"line":15,"column":1}}}},"branchMap":{},"s":{"0":3,"1":3,"2":3,"3":3,"4":9,"5":9,"6":9,"7":3,"8":3,"9":14,"10":3},"f":{"0":9,"1":14},"b":{}}
,"/home/flvsantos/dev/www/taskmaster-backend/src/utils/password.util.ts": {"path":"/home/flvsantos/dev/www/taskmaster-backend/src/utils/password.util.ts","statementMap":{"0":{"start":{"line":1,"column":0},"end":{"line":1,"column":29}},"1":{"start":{"line":3,"column":28},"end":{"line":5,"column":1}},"2":{"start":{"line":4,"column":2},"end":{"line":4,"column":null}},"3":{"start":{"line":3,"column":13},"end":{"line":3,"column":28}},"4":{"start":{"line":7,"column":31},"end":{"line":9,"column":1}},"5":{"start":{"line":8,"column":2},"end":{"line":8,"column":null}},"6":{"start":{"line":7,"column":13},"end":{"line":7,"column":31}}},"fnMap":{"0":{"name":"(anonymous_1)","decl":{"start":{"line":3,"column":28},"end":{"line":3,"column":33}},"loc":{"start":{"line":3,"column":72},"end":{"line":5,"column":1}}},"1":{"name":"(anonymous_2)","decl":{"start":{"line":7,"column":31},"end":{"line":7,"column":36}},"loc":{"start":{"line":7,"column":90},"end":{"line":9,"column":1}}}},"branchMap":{},"s":{"0":3,"1":3,"2":11,"3":3,"4":3,"5":4,"6":3},"f":{"0":11,"1":4},"b":{}}
}
