TN:
SF:src/app.ts
FN:21,(anonymous_1)
FNF:1
FNH:0
FNDA:0,(anonymous_1)
DA:1,1
DA:2,1
DA:3,1
DA:4,1
DA:5,1
DA:6,1
DA:8,1
DA:11,1
DA:12,1
DA:13,1
DA:14,1
DA:17,1
DA:18,1
DA:21,1
DA:22,0
DA:25,1
LF:16
LH:15
BRF:0
BRH:0
end_of_record
TN:
SF:src/controllers/auth.controller.ts
FN:6,(anonymous_0)
FN:51,(anonymous_1)
FN:90,(anonymous_2)
FNF:3
FNH:3
FNDA:6,(anonymous_0)
FNDA:3,(anonymous_1)
FNDA:1,(anonymous_2)
DA:2,1
DA:3,1
DA:4,1
DA:6,1
DA:7,6
DA:8,6
DA:10,6
DA:14,6
DA:15,1
DA:18,5
DA:20,5
DA:35,5
DA:37,5
DA:46,0
DA:47,0
DA:51,1
DA:52,3
DA:53,3
DA:55,3
DA:59,3
DA:60,1
DA:63,2
DA:65,2
DA:66,1
DA:69,1
DA:71,1
DA:85,0
DA:86,0
DA:90,1
DA:91,1
DA:92,1
DA:107,1
DA:109,0
DA:110,0
LF:34
LH:28
BRDA:14,0,0,1
BRDA:14,0,1,5
BRDA:59,1,0,1
BRDA:59,1,1,2
BRDA:65,2,0,1
BRDA:65,2,1,1
BRF:6
BRH:6
end_of_record
TN:
SF:src/controllers/tasks.controller.ts
FN:5,(anonymous_0)
FN:48,(anonymous_1)
FN:77,(anonymous_2)
FN:121,(anonymous_3)
FNF:4
FNH:0
FNDA:0,(anonymous_0)
FNDA:0,(anonymous_1)
FNDA:0,(anonymous_2)
FNDA:0,(anonymous_3)
DA:2,1
DA:5,1
DA:6,0
DA:7,0
DA:9,0
DA:13,0
DA:14,0
DA:16,0
DA:18,0
DA:33,0
DA:43,0
DA:44,0
DA:48,1
DA:49,0
DA:50,0
DA:52,0
DA:67,0
DA:72,0
DA:73,0
DA:77,1
DA:78,0
DA:79,0
DA:80,0
DA:83,0
DA:90,0
DA:91,0
DA:94,0
DA:95,0
DA:96,0
DA:97,0
DA:98,0
DA:99,0
DA:101,0
DA:111,0
DA:116,0
DA:117,0
DA:121,1
DA:122,0
DA:123,0
DA:126,0
DA:133,0
DA:134,0
DA:137,0
DA:141,0
DA:143,0
DA:144,0
LF:46
LH:5
BRDA:7,0,0,0
BRDA:7,1,0,0
BRDA:13,2,0,0
BRDA:13,2,1,0
BRDA:14,3,0,0
BRDA:14,3,1,0
BRDA:50,4,0,0
BRDA:57,5,0,0
BRDA:57,5,1,0
BRDA:90,6,0,0
BRDA:90,6,1,0
BRDA:95,7,0,0
BRDA:95,7,1,0
BRDA:96,8,0,0
BRDA:96,8,1,0
BRDA:97,9,0,0
BRDA:97,9,1,0
BRDA:98,10,0,0
BRDA:98,10,1,0
BRDA:99,11,0,0
BRDA:99,11,1,0
BRDA:99,12,0,0
BRDA:99,12,1,0
BRDA:133,13,0,0
BRDA:133,13,1,0
BRF:25
BRH:0
end_of_record
TN:
SF:src/libs/prisma.ts
FNF:0
FNH:0
DA:2,3
DA:4,3
LF:2
LH:2
BRF:0
BRH:0
end_of_record
TN:
SF:src/middleware/auth.middleware.ts
FN:9,(anonymous_0)
FNF:1
FNH:1
FNDA:3,(anonymous_0)
DA:2,1
DA:3,1
DA:9,1
DA:14,3
DA:15,3
DA:16,3
DA:18,3
DA:19,1
DA:22,2
DA:23,1
DA:27,1
DA:28,0
DA:31,1
DA:32,1
DA:34,1
LF:15
LH:14
BRDA:16,0,0,3
BRDA:16,0,1,2
BRDA:18,1,0,1
BRDA:18,1,1,2
BRDA:27,2,0,0
BRDA:27,2,1,1
BRF:6
BRH:5
end_of_record
TN:
SF:src/middleware/validate.middleware.ts
FN:4,(anonymous_0)
FN:5,(anonymous_1)
FN:14,(anonymous_2)
FNF:3
FNH:2
FNDA:3,(anonymous_0)
FNDA:12,(anonymous_1)
FNDA:0,(anonymous_2)
DA:2,1
DA:4,1
DA:5,3
DA:6,12
DA:7,12
DA:8,9
DA:10,3
DA:11,3
DA:14,0
DA:20,0
DA:25,1
DA:31,1
DA:36,1
LF:13
LH:11
BRDA:10,0,0,3
BRDA:10,0,1,0
BRF:2
BRH:1
end_of_record
TN:
SF:src/routes/auth.routes.ts
FNF:0
FNH:0
DA:1,1
DA:2,1
DA:3,1
DA:4,1
DA:6,1
DA:8,1
DA:9,1
DA:10,1
DA:12,1
LF:9
LH:9
BRF:0
BRH:0
end_of_record
TN:
SF:src/routes/tasks.routes.ts
FNF:0
FNH:0
DA:1,1
DA:2,1
DA:3,1
DA:4,1
DA:6,1
DA:8,1
DA:10,1
DA:11,1
DA:12,1
DA:13,1
DA:15,1
LF:11
LH:11
BRF:0
BRH:0
end_of_record
TN:
SF:src/tests/helpers.ts
FN:6,(anonymous_0)
FN:19,(anonymous_1)
FNF:2
FNH:0
FNDA:0,(anonymous_0)
FNDA:0,(anonymous_1)
DA:1,0
DA:2,0
DA:4,0
DA:6,0
DA:7,0
DA:14,0
DA:19,0
DA:20,0
DA:27,0
LF:9
LH:0
BRDA:6,0,0,0
BRDA:19,1,0,0
BRF:2
BRH:0
end_of_record
TN:
SF:src/utils/jwt.util.ts
FN:6,(anonymous_1)
FN:13,(anonymous_2)
FNF:2
FNH:2
FNDA:8,(anonymous_1)
FNDA:5,(anonymous_2)
DA:1,2
DA:3,2
DA:4,2
DA:6,2
DA:7,8
DA:8,8
DA:10,8
DA:13,2
DA:14,5
LF:9
LH:9
BRF:0
BRH:0
end_of_record
TN:
SF:src/utils/password.util.ts
FN:3,(anonymous_1)
FN:7,(anonymous_2)
FNF:2
FNH:2
FNDA:10,(anonymous_1)
FNDA:4,(anonymous_2)
DA:1,2
DA:3,2
DA:4,10
DA:7,2
DA:8,4
LF:5
LH:5
BRF:0
BRH:0
end_of_record
