TN:
SF:src/app.ts
FN:21,(anonymous_1)
FNF:1
FNH:0
FNDA:0,(anonymous_1)
DA:1,2
DA:2,2
DA:3,2
DA:4,2
DA:5,2
DA:6,2
DA:8,2
DA:11,2
DA:12,2
DA:13,2
DA:14,2
DA:17,2
DA:18,2
DA:21,2
DA:22,0
DA:25,2
LF:16
LH:15
BRF:0
BRH:0
end_of_record
TN:
SF:src/controllers/auth.controller.ts
FN:6,(anonymous_0)
FN:51,(anonymous_1)
FN:90,(anonymous_2)
FNF:3
FNH:3
FNDA:7,(anonymous_0)
FNDA:3,(anonymous_1)
FNDA:1,(anonymous_2)
DA:2,2
DA:3,2
DA:4,2
DA:6,2
DA:7,7
DA:8,7
DA:10,7
DA:14,7
DA:15,1
DA:18,6
DA:20,6
DA:35,6
DA:37,6
DA:46,0
DA:47,0
DA:51,2
DA:52,3
DA:53,3
DA:55,3
DA:59,3
DA:60,1
DA:63,2
DA:65,2
DA:66,1
DA:69,1
DA:71,1
DA:85,0
DA:86,0
DA:90,2
DA:91,1
DA:92,1
DA:107,1
DA:109,0
DA:110,0
LF:34
LH:28
BRDA:14,0,0,1
BRDA:14,0,1,6
BRDA:59,1,0,1
BRDA:59,1,1,2
BRDA:65,2,0,1
BRDA:65,2,1,1
BRF:6
BRH:6
end_of_record
TN:
SF:src/controllers/tasks.controller.ts
FN:5,(anonymous_0)
FN:48,(anonymous_1)
FN:77,(anonymous_2)
FN:121,(anonymous_3)
FNF:4
FNH:4
FNDA:4,(anonymous_0)
FNDA:2,(anonymous_1)
FNDA:2,(anonymous_2)
FNDA:1,(anonymous_3)
DA:2,2
DA:5,2
DA:6,4
DA:7,4
DA:9,4
DA:13,4
DA:14,4
DA:16,4
DA:18,4
DA:33,4
DA:43,0
DA:44,0
DA:48,2
DA:49,2
DA:50,2
DA:52,2
DA:67,2
DA:72,0
DA:73,0
DA:77,2
DA:78,2
DA:79,2
DA:80,2
DA:83,2
DA:90,2
DA:91,0
DA:94,2
DA:95,2
DA:96,2
DA:97,2
DA:98,2
DA:99,2
DA:101,2
DA:111,2
DA:116,0
DA:117,0
DA:121,2
DA:122,1
DA:123,1
DA:126,1
DA:133,1
DA:134,0
DA:137,1
DA:141,1
DA:143,0
DA:144,0
LF:46
LH:36
BRDA:7,0,0,4
BRDA:7,1,0,4
BRDA:13,2,0,1
BRDA:13,2,1,3
BRDA:14,3,0,0
BRDA:14,3,1,4
BRDA:50,4,0,0
BRDA:57,5,0,0
BRDA:57,5,1,2
BRDA:90,6,0,0
BRDA:90,6,1,2
BRDA:95,7,0,0
BRDA:95,7,1,2
BRDA:96,8,0,0
BRDA:96,8,1,2
BRDA:97,9,0,2
BRDA:97,9,1,0
BRDA:98,10,0,0
BRDA:98,10,1,2
BRDA:99,11,0,0
BRDA:99,11,1,2
BRDA:99,12,0,0
BRDA:99,12,1,0
BRDA:133,13,0,0
BRDA:133,13,1,1
BRF:25
BRH:13
end_of_record
TN:
SF:src/libs/prisma.ts
FNF:0
FNH:0
DA:2,4
DA:4,4
LF:2
LH:2
BRF:0
BRH:0
end_of_record
TN:
SF:src/middleware/auth.middleware.ts
FN:9,(anonymous_0)
FNF:1
FNH:1
FNDA:12,(anonymous_0)
DA:2,2
DA:3,2
DA:9,2
DA:14,12
DA:15,12
DA:16,12
DA:18,12
DA:19,1
DA:22,11
DA:23,10
DA:27,10
DA:28,0
DA:31,10
DA:32,10
DA:34,1
LF:15
LH:14
BRDA:16,0,0,12
BRDA:16,0,1,11
BRDA:18,1,0,1
BRDA:18,1,1,11
BRDA:27,2,0,0
BRDA:27,2,1,10
BRF:6
BRH:5
end_of_record
TN:
SF:src/middleware/validate.middleware.ts
FN:4,(anonymous_0)
FN:5,(anonymous_1)
FN:14,(anonymous_2)
FNF:3
FNH:2
FNDA:6,(anonymous_0)
FNDA:15,(anonymous_1)
FNDA:0,(anonymous_2)
DA:2,2
DA:4,2
DA:5,6
DA:6,15
DA:7,15
DA:8,12
DA:10,3
DA:11,3
DA:14,0
DA:20,0
DA:25,2
DA:31,2
DA:36,2
LF:13
LH:11
BRDA:10,0,0,3
BRDA:10,0,1,0
BRF:2
BRH:1
end_of_record
TN:
SF:src/routes/auth.routes.ts
FNF:0
FNH:0
DA:1,2
DA:2,2
DA:3,2
DA:4,2
DA:6,2
DA:8,2
DA:9,2
DA:10,2
DA:12,2
LF:9
LH:9
BRF:0
BRH:0
end_of_record
TN:
SF:src/routes/tasks.routes.ts
FNF:0
FNH:0
DA:1,2
DA:2,2
DA:3,2
DA:4,2
DA:6,2
DA:8,2
DA:10,2
DA:11,2
DA:12,2
DA:13,2
DA:15,2
LF:11
LH:11
BRF:0
BRH:0
end_of_record
TN:
SF:src/tests/helpers.ts
FN:6,(anonymous_0)
FN:19,(anonymous_1)
FNF:2
FNH:0
FNDA:0,(anonymous_0)
FNDA:0,(anonymous_1)
DA:1,0
DA:2,0
DA:4,0
DA:6,0
DA:7,0
DA:14,0
DA:19,0
DA:20,0
DA:27,0
LF:9
LH:0
BRDA:6,0,0,0
BRDA:19,1,0,0
BRF:2
BRH:0
end_of_record
TN:
SF:src/utils/jwt.util.ts
FN:6,(anonymous_1)
FN:13,(anonymous_2)
FNF:2
FNH:2
FNDA:9,(anonymous_1)
FNDA:14,(anonymous_2)
DA:1,3
DA:3,3
DA:4,3
DA:6,3
DA:7,9
DA:8,9
DA:10,9
DA:13,3
DA:14,14
LF:9
LH:9
BRF:0
BRH:0
end_of_record
TN:
SF:src/utils/password.util.ts
FN:3,(anonymous_1)
FN:7,(anonymous_2)
FNF:2
FNH:2
FNDA:11,(anonymous_1)
FNDA:4,(anonymous_2)
DA:1,3
DA:3,3
DA:4,11
DA:7,3
DA:8,4
LF:5
LH:5
BRF:0
BRH:0
end_of_record
